[debug] [2026-07-10T02:58:37.413Z] ----------------------------------------------------------------------
[debug] [2026-07-10T02:58:37.416Z] Command:       C:\Program Files\nodejs\node.exe C:\Users\fakhri sidqi\AppData\Roaming\npm\node_modules\firebase-tools\lib\bin\firebase.js deploy
[debug] [2026-07-10T02:58:37.417Z] CLI Version:   15.4.0
[debug] [2026-07-10T02:58:37.417Z] Platform:      win32
[debug] [2026-07-10T02:58:37.417Z] Node Version:  v22.18.0
[debug] [2026-07-10T02:58:37.417Z] Time:          Fri Jul 10 2026 09:58:37 GMT+0700 (Western Indonesia Time)
[debug] [2026-07-10T02:58:37.418Z] ----------------------------------------------------------------------
[debug] 
[debug] [2026-07-10T02:58:41.342Z] > command requires scopes: ["email","openid","https://www.googleapis.com/auth/cloudplatformprojects.readonly","https://www.googleapis.com/auth/firebase","https://www.googleapis.com/auth/cloud-platform"]
[debug] [2026-07-10T02:58:41.343Z] > authorizing via signed-in user (fanatech.id@gmail.com)
[debug] [2026-07-10T02:58:41.343Z] [iam] checking project helpdesk-mis for permissions ["firebase.projects.get","firebasehosting.sites.update"]
[debug] [2026-07-10T02:58:41.345Z] Checked if tokens are valid: true, expires at: 1783655702817
[debug] [2026-07-10T02:58:41.346Z] Checked if tokens are valid: true, expires at: 1783655702817
[debug] [2026-07-10T02:58:41.348Z] >>> [apiv2][query] POST https://cloudresourcemanager.googleapis.com/v1/projects/helpdesk-mis:testIamPermissions [none]
[debug] [2026-07-10T02:58:41.348Z] >>> [apiv2][(partial)header] POST https://cloudresourcemanager.googleapis.com/v1/projects/helpdesk-mis:testIamPermissions x-goog-quota-user=projects/helpdesk-mis
[debug] [2026-07-10T02:58:41.348Z] >>> [apiv2][body] POST https://cloudresourcemanager.googleapis.com/v1/projects/helpdesk-mis:testIamPermissions {"permissions":["firebase.projects.get","firebasehosting.sites.update"]}
[debug] [2026-07-10T02:58:41.779Z] <<< [apiv2][status] POST https://cloudresourcemanager.googleapis.com/v1/projects/helpdesk-mis:testIamPermissions 200
[debug] [2026-07-10T02:58:41.779Z] <<< [apiv2][body] POST https://cloudresourcemanager.googleapis.com/v1/projects/helpdesk-mis:testIamPermissions {"permissions":["firebase.projects.get","firebasehosting.sites.update"]}
[debug] [2026-07-10T02:58:41.780Z] Checked if tokens are valid: true, expires at: 1783655702817
[debug] [2026-07-10T02:58:41.780Z] Checked if tokens are valid: true, expires at: 1783655702817
[debug] [2026-07-10T02:58:41.780Z] >>> [apiv2][query] GET https://firebase.googleapis.com/v1beta1/projects/helpdesk-mis [none]
[debug] [2026-07-10T02:58:42.235Z] <<< [apiv2][status] GET https://firebase.googleapis.com/v1beta1/projects/helpdesk-mis 200
[debug] [2026-07-10T02:58:42.235Z] <<< [apiv2][body] GET https://firebase.googleapis.com/v1beta1/projects/helpdesk-mis {"projectId":"helpdesk-mis","projectNumber":"622684649448","displayName":"HelpdeskMIS","name":"projects/helpdesk-mis","resources":{"hostingSite":"helpdesk-mis"},"state":"ACTIVE","labels":{"firebase":"enabled"},"etag":"1_d1dffbb8-64c5-47c2-806f-b17657f944c8"}
[debug] [2026-07-10T02:58:48.147Z] Checked if tokens are valid: true, expires at: 1783655702817
[debug] [2026-07-10T02:58:48.148Z] Checked if tokens are valid: true, expires at: 1783655702817
[debug] [2026-07-10T02:58:48.148Z] >>> [apiv2][query] GET https://firebasehosting.googleapis.com/v1beta1/projects/helpdesk-mis/sites pageToken=&pageSize=10
[debug] [2026-07-10T02:58:49.236Z] <<< [apiv2][status] GET https://firebasehosting.googleapis.com/v1beta1/projects/helpdesk-mis/sites 200
[debug] [2026-07-10T02:58:49.236Z] <<< [apiv2][body] GET https://firebasehosting.googleapis.com/v1beta1/projects/helpdesk-mis/sites {"sites":[{"name":"projects/helpdesk-mis/sites/helpdesk-mis","defaultUrl":"https://helpdesk-mis.web.app","appId":"1:622684649448:web:2b0e9490daa7def3b6165d","type":"DEFAULT_SITE"}]}
[debug] [2026-07-10T02:58:49.236Z] Checked if tokens are valid: true, expires at: 1783655702817
[debug] [2026-07-10T02:58:49.236Z] Checked if tokens are valid: true, expires at: 1783655702817
[debug] [2026-07-10T02:58:49.236Z] >>> [apiv2][query] GET https://firebase.googleapis.com/v1beta1/projects/-/webApps/1:622684649448:web:2b0e9490daa7def3b6165d/config [none]
[debug] [2026-07-10T02:58:52.352Z] <<< [apiv2][status] GET https://firebase.googleapis.com/v1beta1/projects/-/webApps/1:622684649448:web:2b0e9490daa7def3b6165d/config 200
[debug] [2026-07-10T02:58:52.352Z] <<< [apiv2][body] GET https://firebase.googleapis.com/v1beta1/projects/-/webApps/1:622684649448:web:2b0e9490daa7def3b6165d/config {"projectId":"helpdesk-mis","appId":"1:622684649448:web:2b0e9490daa7def3b6165d","storageBucket":"helpdesk-mis.firebasestorage.app","apiKey":"AIzaSyCIfiMrduJ4tOCbpqhQNPHYOv1gQLBMawU","authDomain":"helpdesk-mis.firebaseapp.com","messagingSenderId":"622684649448","measurementId":"G-Y37RLLZLPT","projectNumber":"622684649448","version":"2"}
[info] 
   Thank you for trying our early preview of Next.js support on Firebase Hosting.
   During the preview, support is best-effort and breaking changes can be expected. Proceed with caution.
   The integration is known to work with Next.js version 12 - 15.0. You may encounter errors.

   Documentation: https://firebase.google.com/docs/hosting/frameworks/nextjs
   File a bug: https://github.com/firebase/firebase-tools/issues/new?template=bug_report.md
   Submit a feature request: https://github.com/firebase/firebase-tools/issues/new?template=feature_request.md

   We'd love to learn from you. Express your interest in helping us shape the future of Firebase Hosting: https://goo.gle/41enW5X

[debug] [2026-07-10T02:59:03.338Z] Checked if tokens are valid: true, expires at: 1783655702817
[debug] [2026-07-10T02:59:03.338Z] Checked if tokens are valid: true, expires at: 1783655702817
[debug] [2026-07-10T02:59:03.338Z] >>> [apiv2][query] GET https://firebasehosting.googleapis.com/v1beta1/projects/helpdesk-mis/sites/helpdesk-mis [none]
[debug] [2026-07-10T02:59:04.245Z] <<< [apiv2][status] GET https://firebasehosting.googleapis.com/v1beta1/projects/helpdesk-mis/sites/helpdesk-mis 200
[debug] [2026-07-10T02:59:04.245Z] <<< [apiv2][body] GET https://firebasehosting.googleapis.com/v1beta1/projects/helpdesk-mis/sites/helpdesk-mis {"name":"projects/helpdesk-mis/sites/helpdesk-mis","defaultUrl":"https://helpdesk-mis.web.app","appId":"1:622684649448:web:2b0e9490daa7def3b6165d","type":"DEFAULT_SITE"}
[info] ⚠ Warning: Next.js inferred your workspace root, but it may not be correct.
 We detected multiple lockfiles and selected the directory of C:\Helpdesk_IT\package-lock.json as the root directory.
 To silence this warning, set `turbopack.root` in your Next.js config, or consider removing one of the lockfiles if it's not needed.
   See https://nextjs.org/docs/app/api-reference/config/next-config-js/turbopack#root-directory for more information.
 Detected additional lockfiles: 
   * C:\Helpdesk_IT\HelpdeskMIS\package-lock.json


[info] ▲ Next.js 16.2.6 (Turbopack)

[info] - Environments: .env


[info] ⚠ The "middleware" file convention is deprecated. Please use "proxy" instead. Learn more: https://nextjs.org/docs/messages/middleware-to-proxy

[info]   Creating an optimized production build ...

[info] ✓ Compiled successfully in 29.4s

[info]   Running TypeScript ...

[info] Failed to type check.


[info] ./app/dashboard/layout.tsx:271:65
Type error: Type '{ children: Element[]; className: string; align: "end"; forceMount: true; }' is not assignable to type 'IntrinsicAttributes & MenuPopupProps & Pick<MenuPositionerProps, "side" | "align" | "alignOffset" | "sideOffset">'.
  Property 'forceMount' does not exist on type 'IntrinsicAttributes & MenuPopupProps & Pick<MenuPositionerProps, "side" | "align" | "alignOffset" | "sideOffset">'.

  269 | ...ronDown className="w-4 h-4 text-slate-400 hidden sm:block" />
  270 | ...ownMenuTrigger>
> 271 | ...wnMenuContent className="w-56" align="end" forceMount>
      |                                               ^
  272 | ...downMenuLabel className="font-normal">
  273 | ...v className="flex flex-col space-y-1">
  274 | ...p className="text-sm font-medium leading-none">{session?.user?.name}</p>

[info] Next.js build worker exited with code: 1 and signal: null

[debug] [2026-07-10T02:59:57.153Z] Error: ENOENT: no such file or directory, open 'C:\Helpdesk_IT\HelpdeskMIS\.next\export-marker.json'
[error] 
[error] Error: An unexpected error has occurred.
[debug] [2026-07-10T03:01:01.901Z] ----------------------------------------------------------------------
[debug] [2026-07-10T03:01:01.905Z] Command:       C:\Program Files\nodejs\node.exe C:\Users\fakhri sidqi\AppData\Roaming\npm\node_modules\firebase-tools\lib\bin\firebase.js deploy
[debug] [2026-07-10T03:01:01.906Z] CLI Version:   15.4.0
[debug] [2026-07-10T03:01:01.906Z] Platform:      win32
[debug] [2026-07-10T03:01:01.906Z] Node Version:  v22.18.0
[debug] [2026-07-10T03:01:01.907Z] Time:          Fri Jul 10 2026 10:01:01 GMT+0700 (Western Indonesia Time)
[debug] [2026-07-10T03:01:01.907Z] ----------------------------------------------------------------------
[debug] 
[debug] [2026-07-10T03:01:06.066Z] > command requires scopes: ["email","openid","https://www.googleapis.com/auth/cloudplatformprojects.readonly","https://www.googleapis.com/auth/firebase","https://www.googleapis.com/auth/cloud-platform"]
[debug] [2026-07-10T03:01:06.067Z] > authorizing via signed-in user (fanatech.id@gmail.com)
[debug] [2026-07-10T03:01:06.068Z] [iam] checking project helpdesk-mis for permissions ["firebase.projects.get","firebasehosting.sites.update"]
[debug] [2026-07-10T03:01:06.071Z] Checked if tokens are valid: true, expires at: 1783655702817
[debug] [2026-07-10T03:01:06.071Z] Checked if tokens are valid: true, expires at: 1783655702817
[debug] [2026-07-10T03:01:06.074Z] >>> [apiv2][query] POST https://cloudresourcemanager.googleapis.com/v1/projects/helpdesk-mis:testIamPermissions [none]
[debug] [2026-07-10T03:01:06.074Z] >>> [apiv2][(partial)header] POST https://cloudresourcemanager.googleapis.com/v1/projects/helpdesk-mis:testIamPermissions x-goog-quota-user=projects/helpdesk-mis
[debug] [2026-07-10T03:01:06.074Z] >>> [apiv2][body] POST https://cloudresourcemanager.googleapis.com/v1/projects/helpdesk-mis:testIamPermissions {"permissions":["firebase.projects.get","firebasehosting.sites.update"]}
[debug] [2026-07-10T03:01:06.665Z] <<< [apiv2][status] POST https://cloudresourcemanager.googleapis.com/v1/projects/helpdesk-mis:testIamPermissions 200
[debug] [2026-07-10T03:01:06.665Z] <<< [apiv2][body] POST https://cloudresourcemanager.googleapis.com/v1/projects/helpdesk-mis:testIamPermissions {"permissions":["firebase.projects.get","firebasehosting.sites.update"]}
[debug] [2026-07-10T03:01:06.666Z] Checked if tokens are valid: true, expires at: 1783655702817
[debug] [2026-07-10T03:01:06.666Z] Checked if tokens are valid: true, expires at: 1783655702817
[debug] [2026-07-10T03:01:06.666Z] >>> [apiv2][query] GET https://firebase.googleapis.com/v1beta1/projects/helpdesk-mis [none]
[debug] [2026-07-10T03:01:07.365Z] <<< [apiv2][status] GET https://firebase.googleapis.com/v1beta1/projects/helpdesk-mis 200
[debug] [2026-07-10T03:01:07.365Z] <<< [apiv2][body] GET https://firebase.googleapis.com/v1beta1/projects/helpdesk-mis {"projectId":"helpdesk-mis","projectNumber":"622684649448","displayName":"HelpdeskMIS","name":"projects/helpdesk-mis","resources":{"hostingSite":"helpdesk-mis"},"state":"ACTIVE","labels":{"firebase":"enabled"},"etag":"1_d1dffbb8-64c5-47c2-806f-b17657f944c8"}
[debug] [2026-07-10T03:01:13.173Z] Checked if tokens are valid: true, expires at: 1783655702817
[debug] [2026-07-10T03:01:13.174Z] Checked if tokens are valid: true, expires at: 1783655702817
[debug] [2026-07-10T03:01:13.174Z] >>> [apiv2][query] GET https://firebasehosting.googleapis.com/v1beta1/projects/helpdesk-mis/sites pageToken=&pageSize=10
[debug] [2026-07-10T03:01:14.237Z] <<< [apiv2][status] GET https://firebasehosting.googleapis.com/v1beta1/projects/helpdesk-mis/sites 200
[debug] [2026-07-10T03:01:14.237Z] <<< [apiv2][body] GET https://firebasehosting.googleapis.com/v1beta1/projects/helpdesk-mis/sites {"sites":[{"name":"projects/helpdesk-mis/sites/helpdesk-mis","defaultUrl":"https://helpdesk-mis.web.app","appId":"1:622684649448:web:2b0e9490daa7def3b6165d","type":"DEFAULT_SITE"}]}
[debug] [2026-07-10T03:01:14.237Z] Checked if tokens are valid: true, expires at: 1783655702817
[debug] [2026-07-10T03:01:14.237Z] Checked if tokens are valid: true, expires at: 1783655702817
[debug] [2026-07-10T03:01:14.238Z] >>> [apiv2][query] GET https://firebase.googleapis.com/v1beta1/projects/-/webApps/1:622684649448:web:2b0e9490daa7def3b6165d/config [none]
[debug] [2026-07-10T03:01:16.115Z] <<< [apiv2][status] GET https://firebase.googleapis.com/v1beta1/projects/-/webApps/1:622684649448:web:2b0e9490daa7def3b6165d/config 200
[debug] [2026-07-10T03:01:16.115Z] <<< [apiv2][body] GET https://firebase.googleapis.com/v1beta1/projects/-/webApps/1:622684649448:web:2b0e9490daa7def3b6165d/config {"projectId":"helpdesk-mis","appId":"1:622684649448:web:2b0e9490daa7def3b6165d","storageBucket":"helpdesk-mis.firebasestorage.app","apiKey":"AIzaSyCIfiMrduJ4tOCbpqhQNPHYOv1gQLBMawU","authDomain":"helpdesk-mis.firebaseapp.com","messagingSenderId":"622684649448","measurementId":"G-Y37RLLZLPT","projectNumber":"622684649448","version":"2"}
[info] 
   Thank you for trying our early preview of Next.js support on Firebase Hosting.
   During the preview, support is best-effort and breaking changes can be expected. Proceed with caution.
   The integration is known to work with Next.js version 12 - 15.0. You may encounter errors.

   Documentation: https://firebase.google.com/docs/hosting/frameworks/nextjs
   File a bug: https://github.com/firebase/firebase-tools/issues/new?template=bug_report.md
   Submit a feature request: https://github.com/firebase/firebase-tools/issues/new?template=feature_request.md

   We'd love to learn from you. Express your interest in helping us shape the future of Firebase Hosting: https://goo.gle/41enW5X

[debug] [2026-07-10T03:01:27.465Z] Checked if tokens are valid: true, expires at: 1783655702817
[debug] [2026-07-10T03:01:27.465Z] Checked if tokens are valid: true, expires at: 1783655702817
[debug] [2026-07-10T03:01:27.466Z] >>> [apiv2][query] GET https://firebasehosting.googleapis.com/v1beta1/projects/helpdesk-mis/sites/helpdesk-mis [none]
[debug] [2026-07-10T03:01:28.340Z] <<< [apiv2][status] GET https://firebasehosting.googleapis.com/v1beta1/projects/helpdesk-mis/sites/helpdesk-mis 200
[debug] [2026-07-10T03:01:28.340Z] <<< [apiv2][body] GET https://firebasehosting.googleapis.com/v1beta1/projects/helpdesk-mis/sites/helpdesk-mis {"name":"projects/helpdesk-mis/sites/helpdesk-mis","defaultUrl":"https://helpdesk-mis.web.app","appId":"1:622684649448:web:2b0e9490daa7def3b6165d","type":"DEFAULT_SITE"}
[info] ⚠ Warning: Next.js inferred your workspace root, but it may not be correct.
 We detected multiple lockfiles and selected the directory of C:\Helpdesk_IT\package-lock.json as the root directory.
 To silence this warning, set `turbopack.root` in your Next.js config, or consider removing one of the lockfiles if it's not needed.
   See https://nextjs.org/docs/app/api-reference/config/next-config-js/turbopack#root-directory for more information.
 Detected additional lockfiles: 
   * C:\Helpdesk_IT\HelpdeskMIS\package-lock.json


[info] ▲ Next.js 16.2.6 (Turbopack)

[info] - Environments: .env


[info] ⚠ The "middleware" file convention is deprecated. Please use "proxy" instead. Learn more: https://nextjs.org/docs/messages/middleware-to-proxy

[info]   Creating an optimized production build ...

[info] ✓ Compiled successfully in 23.9s

[info]   Running TypeScript ...

[info] Failed to type check.


[info] ./app/dashboard/layout.tsx:271:65
Type error: Type '{ children: Element[]; className: string; align: "end"; forceMount: true; }' is not assignable to type 'IntrinsicAttributes & MenuPopupProps & Pick<MenuPositionerProps, "side" | "align" | "alignOffset" | "sideOffset">'.
  Property 'forceMount' does not exist on type 'IntrinsicAttributes & MenuPopupProps & Pick<MenuPositionerProps, "side" | "align" | "alignOffset" | "sideOffset">'.

  269 | ...ronDown className="w-4 h-4 text-slate-400 hidden sm:block" />
  270 | ...ownMenuTrigger>
> 271 | ...wnMenuContent className="w-56" align="end" forceMount>
      |                                               ^
  272 | ...downMenuLabel className="font-normal">
  273 | ...v className="flex flex-col space-y-1">
  274 | ...p className="text-sm font-medium leading-none">{session?.user?.name}</p>

[info] Next.js build worker exited with code: 1 and signal: null

[debug] [2026-07-10T03:02:13.939Z] Error: ENOENT: no such file or directory, open 'C:\Helpdesk_IT\HelpdeskMIS\.next\export-marker.json'
[error] 
[error] Error: An unexpected error has occurred.
[debug] [2026-07-10T03:05:29.631Z] ----------------------------------------------------------------------
[debug] [2026-07-10T03:05:29.641Z] Command:       C:\Program Files\nodejs\node.exe C:\Users\fakhri sidqi\AppData\Roaming\npm\node_modules\firebase-tools\lib\bin\firebase.js deploy
[debug] [2026-07-10T03:05:29.641Z] CLI Version:   15.4.0
[debug] [2026-07-10T03:05:29.642Z] Platform:      win32
[debug] [2026-07-10T03:05:29.642Z] Node Version:  v22.18.0
[debug] [2026-07-10T03:05:29.642Z] Time:          Fri Jul 10 2026 10:05:29 GMT+0700 (Western Indonesia Time)
[debug] [2026-07-10T03:05:29.642Z] ----------------------------------------------------------------------
[debug] 
[debug] [2026-07-10T03:05:33.620Z] > command requires scopes: ["email","openid","https://www.googleapis.com/auth/cloudplatformprojects.readonly","https://www.googleapis.com/auth/firebase","https://www.googleapis.com/auth/cloud-platform"]
[debug] [2026-07-10T03:05:33.621Z] > authorizing via signed-in user (fanatech.id@gmail.com)
[debug] [2026-07-10T03:05:33.621Z] [iam] checking project helpdesk-mis for permissions ["firebase.projects.get","firebasehosting.sites.update"]
[debug] [2026-07-10T03:05:33.623Z] Checked if tokens are valid: true, expires at: 1783655702817
[debug] [2026-07-10T03:05:33.623Z] Checked if tokens are valid: true, expires at: 1783655702817
[debug] [2026-07-10T03:05:33.625Z] >>> [apiv2][query] POST https://cloudresourcemanager.googleapis.com/v1/projects/helpdesk-mis:testIamPermissions [none]
[debug] [2026-07-10T03:05:33.625Z] >>> [apiv2][(partial)header] POST https://cloudresourcemanager.googleapis.com/v1/projects/helpdesk-mis:testIamPermissions x-goog-quota-user=projects/helpdesk-mis
[debug] [2026-07-10T03:05:33.625Z] >>> [apiv2][body] POST https://cloudresourcemanager.googleapis.com/v1/projects/helpdesk-mis:testIamPermissions {"permissions":["firebase.projects.get","firebasehosting.sites.update"]}
[debug] [2026-07-10T03:05:34.052Z] <<< [apiv2][status] POST https://cloudresourcemanager.googleapis.com/v1/projects/helpdesk-mis:testIamPermissions 200
[debug] [2026-07-10T03:05:34.052Z] <<< [apiv2][body] POST https://cloudresourcemanager.googleapis.com/v1/projects/helpdesk-mis:testIamPermissions {"permissions":["firebase.projects.get","firebasehosting.sites.update"]}
[debug] [2026-07-10T03:05:34.053Z] Checked if tokens are valid: true, expires at: 1783655702817
[debug] [2026-07-10T03:05:34.053Z] Checked if tokens are valid: true, expires at: 1783655702817
[debug] [2026-07-10T03:05:34.053Z] >>> [apiv2][query] GET https://firebase.googleapis.com/v1beta1/projects/helpdesk-mis [none]
[debug] [2026-07-10T03:05:34.687Z] <<< [apiv2][status] GET https://firebase.googleapis.com/v1beta1/projects/helpdesk-mis 200
[debug] [2026-07-10T03:05:34.687Z] <<< [apiv2][body] GET https://firebase.googleapis.com/v1beta1/projects/helpdesk-mis {"projectId":"helpdesk-mis","projectNumber":"622684649448","displayName":"HelpdeskMIS","name":"projects/helpdesk-mis","resources":{"hostingSite":"helpdesk-mis"},"state":"ACTIVE","labels":{"firebase":"enabled"},"etag":"1_d1dffbb8-64c5-47c2-806f-b17657f944c8"}
[debug] [2026-07-10T03:05:40.148Z] Checked if tokens are valid: true, expires at: 1783655702817
[debug] [2026-07-10T03:05:40.149Z] Checked if tokens are valid: true, expires at: 1783655702817
[debug] [2026-07-10T03:05:40.149Z] >>> [apiv2][query] GET https://firebasehosting.googleapis.com/v1beta1/projects/helpdesk-mis/sites pageToken=&pageSize=10
[debug] [2026-07-10T03:05:41.307Z] <<< [apiv2][status] GET https://firebasehosting.googleapis.com/v1beta1/projects/helpdesk-mis/sites 200
[debug] [2026-07-10T03:05:41.307Z] <<< [apiv2][body] GET https://firebasehosting.googleapis.com/v1beta1/projects/helpdesk-mis/sites {"sites":[{"name":"projects/helpdesk-mis/sites/helpdesk-mis","defaultUrl":"https://helpdesk-mis.web.app","appId":"1:622684649448:web:2b0e9490daa7def3b6165d","type":"DEFAULT_SITE"}]}
[debug] [2026-07-10T03:05:41.307Z] Checked if tokens are valid: true, expires at: 1783655702817
[debug] [2026-07-10T03:05:41.307Z] Checked if tokens are valid: true, expires at: 1783655702817
[debug] [2026-07-10T03:05:41.308Z] >>> [apiv2][query] GET https://firebase.googleapis.com/v1beta1/projects/-/webApps/1:622684649448:web:2b0e9490daa7def3b6165d/config [none]
[debug] [2026-07-10T03:05:43.305Z] <<< [apiv2][status] GET https://firebase.googleapis.com/v1beta1/projects/-/webApps/1:622684649448:web:2b0e9490daa7def3b6165d/config 200
[debug] [2026-07-10T03:05:43.305Z] <<< [apiv2][body] GET https://firebase.googleapis.com/v1beta1/projects/-/webApps/1:622684649448:web:2b0e9490daa7def3b6165d/config {"projectId":"helpdesk-mis","appId":"1:622684649448:web:2b0e9490daa7def3b6165d","storageBucket":"helpdesk-mis.firebasestorage.app","apiKey":"AIzaSyCIfiMrduJ4tOCbpqhQNPHYOv1gQLBMawU","authDomain":"helpdesk-mis.firebaseapp.com","messagingSenderId":"622684649448","measurementId":"G-Y37RLLZLPT","projectNumber":"622684649448","version":"2"}
[info] 
   Thank you for trying our early preview of Next.js support on Firebase Hosting.
   During the preview, support is best-effort and breaking changes can be expected. Proceed with caution.
   The integration is known to work with Next.js version 12 - 15.0. You may encounter errors.

   Documentation: https://firebase.google.com/docs/hosting/frameworks/nextjs
   File a bug: https://github.com/firebase/firebase-tools/issues/new?template=bug_report.md
   Submit a feature request: https://github.com/firebase/firebase-tools/issues/new?template=feature_request.md

   We'd love to learn from you. Express your interest in helping us shape the future of Firebase Hosting: https://goo.gle/41enW5X

[debug] [2026-07-10T03:05:54.265Z] Checked if tokens are valid: true, expires at: 1783655702817
[debug] [2026-07-10T03:05:54.265Z] Checked if tokens are valid: true, expires at: 1783655702817
[debug] [2026-07-10T03:05:54.266Z] >>> [apiv2][query] GET https://firebasehosting.googleapis.com/v1beta1/projects/helpdesk-mis/sites/helpdesk-mis [none]
[debug] [2026-07-10T03:05:55.233Z] <<< [apiv2][status] GET https://firebasehosting.googleapis.com/v1beta1/projects/helpdesk-mis/sites/helpdesk-mis 200
[debug] [2026-07-10T03:05:55.233Z] <<< [apiv2][body] GET https://firebasehosting.googleapis.com/v1beta1/projects/helpdesk-mis/sites/helpdesk-mis {"name":"projects/helpdesk-mis/sites/helpdesk-mis","defaultUrl":"https://helpdesk-mis.web.app","appId":"1:622684649448:web:2b0e9490daa7def3b6165d","type":"DEFAULT_SITE"}
[info] ⚠ Warning: Next.js inferred your workspace root, but it may not be correct.
 We detected multiple lockfiles and selected the directory of C:\Helpdesk_IT\package-lock.json as the root directory.
 To silence this warning, set `turbopack.root` in your Next.js config, or consider removing one of the lockfiles if it's not needed.
   See https://nextjs.org/docs/app/api-reference/config/next-config-js/turbopack#root-directory for more information.
 Detected additional lockfiles: 
   * C:\Helpdesk_IT\HelpdeskMIS\package-lock.json


[info] ▲ Next.js 16.2.6 (Turbopack)

[info] - Environments: .env


[info] ⚠ The "middleware" file convention is deprecated. Please use "proxy" instead. Learn more: https://nextjs.org/docs/messages/middleware-to-proxy

[info]   Creating an optimized production build ...

[info] ✓ Compiled successfully in 22.0s

[info]   Running TypeScript ...

[info] Failed to type check.


[info] ./app/dashboard/master/sla/page.tsx:159:83
Type error: Type 'string | null' is not assignable to type 'string'.
  Type 'null' is not assignable to type 'string'.

  157 | ...
  158 | ...*</Label>
> 159 | ...ity} onValueChange={v => setForm({...form, priority: v})} required>
      |                                               ^
  160 | ...alue placeholder="Pilih prioritas" /></SelectTrigger>
  161 | ...
  162 | ...w">Low</SelectItem>

[info] Next.js build worker exited with code: 1 and signal: null

[debug] [2026-07-10T03:06:35.346Z] Error: ENOENT: no such file or directory, open 'C:\Helpdesk_IT\HelpdeskMIS\.next\export-marker.json'
[error] 
[error] Error: An unexpected error has occurred.
[debug] [2026-07-10T03:12:52.538Z] ----------------------------------------------------------------------
[debug] [2026-07-10T03:12:52.543Z] Command:       C:\Program Files\nodejs\node.exe C:\Users\fakhri sidqi\AppData\Roaming\npm\node_modules\firebase-tools\lib\bin\firebase.js deploy
[debug] [2026-07-10T03:12:52.543Z] CLI Version:   15.4.0
[debug] [2026-07-10T03:12:52.543Z] Platform:      win32
[debug] [2026-07-10T03:12:52.543Z] Node Version:  v22.18.0
[debug] [2026-07-10T03:12:52.544Z] Time:          Fri Jul 10 2026 10:12:52 GMT+0700 (Western Indonesia Time)
[debug] [2026-07-10T03:12:52.544Z] ----------------------------------------------------------------------
[debug] 
[debug] [2026-07-10T03:12:56.467Z] > command requires scopes: ["email","openid","https://www.googleapis.com/auth/cloudplatformprojects.readonly","https://www.googleapis.com/auth/firebase","https://www.googleapis.com/auth/cloud-platform"]
[debug] [2026-07-10T03:12:56.468Z] > authorizing via signed-in user (fanatech.id@gmail.com)
[debug] [2026-07-10T03:12:56.468Z] [iam] checking project helpdesk-mis for permissions ["firebase.projects.get","firebasehosting.sites.update"]
[debug] [2026-07-10T03:12:56.470Z] Checked if tokens are valid: true, expires at: 1783655702817
[debug] [2026-07-10T03:12:56.470Z] Checked if tokens are valid: true, expires at: 1783655702817
[debug] [2026-07-10T03:12:56.472Z] >>> [apiv2][query] POST https://cloudresourcemanager.googleapis.com/v1/projects/helpdesk-mis:testIamPermissions [none]
[debug] [2026-07-10T03:12:56.472Z] >>> [apiv2][(partial)header] POST https://cloudresourcemanager.googleapis.com/v1/projects/helpdesk-mis:testIamPermissions x-goog-quota-user=projects/helpdesk-mis
[debug] [2026-07-10T03:12:56.472Z] >>> [apiv2][body] POST https://cloudresourcemanager.googleapis.com/v1/projects/helpdesk-mis:testIamPermissions {"permissions":["firebase.projects.get","firebasehosting.sites.update"]}
[debug] [2026-07-10T03:12:56.898Z] <<< [apiv2][status] POST https://cloudresourcemanager.googleapis.com/v1/projects/helpdesk-mis:testIamPermissions 200
[debug] [2026-07-10T03:12:56.898Z] <<< [apiv2][body] POST https://cloudresourcemanager.googleapis.com/v1/projects/helpdesk-mis:testIamPermissions {"permissions":["firebase.projects.get","firebasehosting.sites.update"]}
[debug] [2026-07-10T03:12:56.899Z] Checked if tokens are valid: true, expires at: 1783655702817
[debug] [2026-07-10T03:12:56.899Z] Checked if tokens are valid: true, expires at: 1783655702817
[debug] [2026-07-10T03:12:56.899Z] >>> [apiv2][query] GET https://firebase.googleapis.com/v1beta1/projects/helpdesk-mis [none]
[debug] [2026-07-10T03:12:57.333Z] <<< [apiv2][status] GET https://firebase.googleapis.com/v1beta1/projects/helpdesk-mis 200
[debug] [2026-07-10T03:12:57.333Z] <<< [apiv2][body] GET https://firebase.googleapis.com/v1beta1/projects/helpdesk-mis {"projectId":"helpdesk-mis","projectNumber":"622684649448","displayName":"HelpdeskMIS","name":"projects/helpdesk-mis","resources":{"hostingSite":"helpdesk-mis"},"state":"ACTIVE","labels":{"firebase":"enabled"},"etag":"1_d1dffbb8-64c5-47c2-806f-b17657f944c8"}
[debug] [2026-07-10T03:13:03.169Z] Checked if tokens are valid: true, expires at: 1783655702817
[debug] [2026-07-10T03:13:03.169Z] Checked if tokens are valid: true, expires at: 1783655702817
[debug] [2026-07-10T03:13:03.169Z] >>> [apiv2][query] GET https://firebasehosting.googleapis.com/v1beta1/projects/helpdesk-mis/sites pageToken=&pageSize=10
[debug] [2026-07-10T03:13:04.142Z] <<< [apiv2][status] GET https://firebasehosting.googleapis.com/v1beta1/projects/helpdesk-mis/sites 200
[debug] [2026-07-10T03:13:04.142Z] <<< [apiv2][body] GET https://firebasehosting.googleapis.com/v1beta1/projects/helpdesk-mis/sites {"sites":[{"name":"projects/helpdesk-mis/sites/helpdesk-mis","defaultUrl":"https://helpdesk-mis.web.app","appId":"1:622684649448:web:2b0e9490daa7def3b6165d","type":"DEFAULT_SITE"}]}
[debug] [2026-07-10T03:13:04.143Z] Checked if tokens are valid: true, expires at: 1783655702817
[debug] [2026-07-10T03:13:04.143Z] Checked if tokens are valid: true, expires at: 1783655702817
[debug] [2026-07-10T03:13:04.143Z] >>> [apiv2][query] GET https://firebase.googleapis.com/v1beta1/projects/-/webApps/1:622684649448:web:2b0e9490daa7def3b6165d/config [none]
[debug] [2026-07-10T03:13:05.934Z] <<< [apiv2][status] GET https://firebase.googleapis.com/v1beta1/projects/-/webApps/1:622684649448:web:2b0e9490daa7def3b6165d/config 200
[debug] [2026-07-10T03:13:05.934Z] <<< [apiv2][body] GET https://firebase.googleapis.com/v1beta1/projects/-/webApps/1:622684649448:web:2b0e9490daa7def3b6165d/config {"projectId":"helpdesk-mis","appId":"1:622684649448:web:2b0e9490daa7def3b6165d","storageBucket":"helpdesk-mis.firebasestorage.app","apiKey":"AIzaSyCIfiMrduJ4tOCbpqhQNPHYOv1gQLBMawU","authDomain":"helpdesk-mis.firebaseapp.com","messagingSenderId":"622684649448","measurementId":"G-Y37RLLZLPT","projectNumber":"622684649448","version":"2"}
[info] 
   Thank you for trying our early preview of Next.js support on Firebase Hosting.
   During the preview, support is best-effort and breaking changes can be expected. Proceed with caution.
   The integration is known to work with Next.js version 12 - 15.0. You may encounter errors.

   Documentation: https://firebase.google.com/docs/hosting/frameworks/nextjs
   File a bug: https://github.com/firebase/firebase-tools/issues/new?template=bug_report.md
   Submit a feature request: https://github.com/firebase/firebase-tools/issues/new?template=feature_request.md

   We'd love to learn from you. Express your interest in helping us shape the future of Firebase Hosting: https://goo.gle/41enW5X

[debug] [2026-07-10T03:13:17.755Z] Checked if tokens are valid: true, expires at: 1783655702817
[debug] [2026-07-10T03:13:17.755Z] Checked if tokens are valid: true, expires at: 1783655702817
[debug] [2026-07-10T03:13:17.755Z] >>> [apiv2][query] GET https://firebasehosting.googleapis.com/v1beta1/projects/helpdesk-mis/sites/helpdesk-mis [none]
[debug] [2026-07-10T03:13:18.712Z] <<< [apiv2][status] GET https://firebasehosting.googleapis.com/v1beta1/projects/helpdesk-mis/sites/helpdesk-mis 200
[debug] [2026-07-10T03:13:18.712Z] <<< [apiv2][body] GET https://firebasehosting.googleapis.com/v1beta1/projects/helpdesk-mis/sites/helpdesk-mis {"name":"projects/helpdesk-mis/sites/helpdesk-mis","defaultUrl":"https://helpdesk-mis.web.app","appId":"1:622684649448:web:2b0e9490daa7def3b6165d","type":"DEFAULT_SITE"}
[info] ⚠ Warning: Next.js inferred your workspace root, but it may not be correct.
 We detected multiple lockfiles and selected the directory of C:\Helpdesk_IT\package-lock.json as the root directory.
 To silence this warning, set `turbopack.root` in your Next.js config, or consider removing one of the lockfiles if it's not needed.
   See https://nextjs.org/docs/app/api-reference/config/next-config-js/turbopack#root-directory for more information.
 Detected additional lockfiles: 
   * C:\Helpdesk_IT\HelpdeskMIS\package-lock.json


[info] ▲ Next.js 16.2.6 (Turbopack)

[info] - Environments: .env


[info] ⚠ The "middleware" file convention is deprecated. Please use "proxy" instead. Learn more: https://nextjs.org/docs/messages/middleware-to-proxy

[info]   Creating an optimized production build ...

[info] ✓ Compiled successfully in 19.9s

[info]   Running TypeScript ...

[info]   Finished TypeScript in 13.4s ...

[info]   Collecting page data using 15 workers ...

[info]   Generating static pages using 15 workers (0/30) ...

[info]   Generating static pages using 15 workers (7/30) 

[info]   Generating static pages using 15 workers (14/30) 

[info]   Generating static pages using 15 workers (22/30) 

[info] ✓ Generating static pages using 15 workers (30/30) in 1717ms

[info]   Finalizing page optimization ...

[info] 

[info] Route (app)
┌ ○ /
├ ○ /_not-found
├ ƒ /api/auth/[...nextauth]
├ ƒ /api/chat
├ ƒ /api/faq
├ ƒ /api/faq/[id]
├ ƒ /api/master/categories
├ ƒ /api/master/categories/[id]
├ ƒ /api/master/reference
├ ƒ /api/master/roles
├ ƒ /api/master/roles/[id]
├ ƒ /api/master/sla
├ ƒ /api/master/sla/[id]
├ ƒ /api/master/sub-units
├ ƒ /api/master/sub-units/[id]
├ ƒ /api/master/units
├ ƒ /api/master/units/[id]
├ ƒ /api/master/users
├ ƒ /api/tickets
├ ƒ /api/tickets/[id]
├ ƒ /api/tickets/[id]/comments
├ ƒ /api/tickets/active-count
├ ƒ /api/user/profile
├ ƒ /dashboard
├ ○ /dashboard/chat
├ ○ /dashboard/faq
├ ○ /dashboard/master
├ ○ /dashboard/master/categories
├ ○ /dashboard/master/roles
├ ○ /dashboard/master/sla
├ ○ /dashboard/master/sub-units
├ ○ /dashboard/master/units
├ ○ /dashboard/master/users
├ ○ /dashboard/settings
├ ○ /dashboard/tickets
├ ƒ /dashboard/tickets/[id]
├ ○ /login
└ ○ /user-portal


ƒ Proxy (Middleware)

[info] 
○  (Static)   prerendered as static content
ƒ  (Dynamic)  server-rendered on demand


[info] Building a Cloud Function to run this application. This is needed due to:
[info]  • middleware
[info]  • non-static component /api/auth/[...nextauth]/route
[info]  • non-static component /api/chat/route
[info]  • non-static component /api/faq/[id]/route
[info]  • non-static component /api/faq/route
[debug] [2026-07-10T03:14:08.619Z]  • non-static component /api/master/categories/[id]/route
[debug] [2026-07-10T03:14:08.619Z]  • non-static component /api/master/categories/route
[debug] [2026-07-10T03:14:08.619Z]  • non-static component /api/master/reference/route
[debug] [2026-07-10T03:14:08.619Z]  • non-static component /api/master/roles/[id]/route
[debug] [2026-07-10T03:14:08.620Z]  • non-static component /api/master/roles/route
[debug] [2026-07-10T03:14:08.620Z]  • non-static component /api/master/sla/[id]/route
[debug] [2026-07-10T03:14:08.620Z]  • non-static component /api/master/sla/route
[debug] [2026-07-10T03:14:08.620Z]  • non-static component /api/master/sub-units/[id]/route
[debug] [2026-07-10T03:14:08.620Z]  • non-static component /api/master/sub-units/route
[debug] [2026-07-10T03:14:08.620Z]  • non-static component /api/master/units/[id]/route
[debug] [2026-07-10T03:14:08.620Z]  • non-static component /api/master/units/route
[debug] [2026-07-10T03:14:08.620Z]  • non-static component /api/master/users/route
[debug] [2026-07-10T03:14:08.620Z]  • non-static component /api/tickets/[id]/comments/route
[debug] [2026-07-10T03:14:08.620Z]  • non-static component /api/tickets/[id]/route
[debug] [2026-07-10T03:14:08.620Z]  • non-static component /api/tickets/active-count/route
[debug] [2026-07-10T03:14:08.620Z]  • non-static component /api/tickets/route
[debug] [2026-07-10T03:14:08.620Z]  • non-static component /api/user/profile/route
[debug] [2026-07-10T03:14:08.620Z]  • non-static component /dashboard/page
[debug] [2026-07-10T03:14:08.620Z]  • non-static component /dashboard/tickets/[id]/page
[info]  • and 19 other reasons, use --debug to see more
[info] 
[debug] [2026-07-10T03:14:08.792Z] skipping / due to it matching an unsupported rewrite/redirect/header or middlware
[debug] [2026-07-10T03:14:08.792Z] skipping /_global-error due to it matching an unsupported rewrite/redirect/header or middlware
[debug] [2026-07-10T03:14:08.792Z] skipping /_not-found due to it matching an unsupported rewrite/redirect/header or middlware
[debug] [2026-07-10T03:14:08.792Z] skipping /dashboard/chat due to it matching an unsupported rewrite/redirect/header or middlware
[debug] [2026-07-10T03:14:08.792Z] skipping /dashboard/faq due to it matching an unsupported rewrite/redirect/header or middlware
[debug] [2026-07-10T03:14:08.792Z] skipping /dashboard/master due to it matching an unsupported rewrite/redirect/header or middlware
[debug] [2026-07-10T03:14:08.792Z] skipping /dashboard/master/categories due to it matching an unsupported rewrite/redirect/header or middlware
[debug] [2026-07-10T03:14:08.792Z] skipping /dashboard/master/roles due to it matching an unsupported rewrite/redirect/header or middlware
[debug] [2026-07-10T03:14:08.792Z] skipping /dashboard/master/sla due to it matching an unsupported rewrite/redirect/header or middlware
[debug] [2026-07-10T03:14:08.792Z] skipping /dashboard/master/sub-units due to it matching an unsupported rewrite/redirect/header or middlware
[debug] [2026-07-10T03:14:08.793Z] skipping /dashboard/master/units due to it matching an unsupported rewrite/redirect/header or middlware
[debug] [2026-07-10T03:14:08.793Z] skipping /dashboard/master/users due to it matching an unsupported rewrite/redirect/header or middlware
[debug] [2026-07-10T03:14:08.793Z] skipping /dashboard/settings due to it matching an unsupported rewrite/redirect/header or middlware
[debug] [2026-07-10T03:14:08.793Z] skipping /dashboard/tickets due to it matching an unsupported rewrite/redirect/header or middlware
[debug] [2026-07-10T03:14:08.793Z] skipping /login due to it matching an unsupported rewrite/redirect/header or middlware
[debug] [2026-07-10T03:14:08.793Z] skipping /user-portal due to it matching an unsupported rewrite/redirect/header or middlware
[debug] [2026-07-10T03:14:08.794Z] skipping /404 due to it matching an unsupported rewrite/redirect/header or middlware
[debug] [2026-07-10T03:14:08.794Z] skipping /500 due to it matching an unsupported rewrite/redirect/header or middlware
[debug] [2026-07-10T03:14:08.824Z] Checked if tokens are valid: true, expires at: 1783655702817
[debug] [2026-07-10T03:14:08.825Z] Checked if tokens are valid: true, expires at: 1783655702817
[debug] [2026-07-10T03:14:08.825Z] >>> [apiv2][query] GET https://firebasehosting.googleapis.com/v1beta1/projects/helpdesk-mis/sites/helpdesk-mis [none]
[debug] [2026-07-10T03:14:09.816Z] <<< [apiv2][status] GET https://firebasehosting.googleapis.com/v1beta1/projects/helpdesk-mis/sites/helpdesk-mis 200
[debug] [2026-07-10T03:14:09.816Z] <<< [apiv2][body] GET https://firebasehosting.googleapis.com/v1beta1/projects/helpdesk-mis/sites/helpdesk-mis {"name":"projects/helpdesk-mis/sites/helpdesk-mis","defaultUrl":"https://helpdesk-mis.web.app","appId":"1:622684649448:web:2b0e9490daa7def3b6165d","type":"DEFAULT_SITE"}
[debug] [2026-07-10T03:14:30.603Z] Error: EPERM: operation not permitted, symlink 'C:\Helpdesk_IT\HelpdeskMIS\node_modules\@prisma\client' -> 'C:\Helpdesk_IT\HelpdeskMIS\.firebase\helpdesk-mis\functions\.next\node_modules\@prisma\client-a6f741c197bef6c5'
[error] 
[error] Error: An unexpected error has occurred.
[debug] [2026-07-10T03:15:07.958Z] ----------------------------------------------------------------------
[debug] [2026-07-10T03:15:07.964Z] Command:       C:\Program Files\nodejs\node.exe C:\Users\fakhri sidqi\AppData\Roaming\npm\node_modules\firebase-tools\lib\bin\firebase.js deploy --debug
[debug] [2026-07-10T03:15:07.964Z] CLI Version:   15.4.0
[debug] [2026-07-10T03:15:07.964Z] Platform:      win32
[debug] [2026-07-10T03:15:07.965Z] Node Version:  v22.18.0
[debug] [2026-07-10T03:15:07.965Z] Time:          Fri Jul 10 2026 10:15:07 GMT+0700 (Western Indonesia Time)
[debug] [2026-07-10T03:15:07.965Z] ----------------------------------------------------------------------
[debug] 
[debug] [2026-07-10T03:15:16.506Z] > command requires scopes: ["email","openid","https://www.googleapis.com/auth/cloudplatformprojects.readonly","https://www.googleapis.com/auth/firebase","https://www.googleapis.com/auth/cloud-platform"]
[debug] [2026-07-10T03:15:16.508Z] > authorizing via signed-in user (fanatech.id@gmail.com)
[debug] [2026-07-10T03:15:16.511Z] [iam] checking project helpdesk-mis for permissions ["firebase.projects.get","firebasehosting.sites.update"]
[debug] [2026-07-10T03:15:16.514Z] Checked if tokens are valid: true, expires at: 1783655702817
[debug] [2026-07-10T03:15:16.516Z] Checked if tokens are valid: true, expires at: 1783655702817
[debug] [2026-07-10T03:15:16.518Z] >>> [apiv2][query] POST https://cloudresourcemanager.googleapis.com/v1/projects/helpdesk-mis:testIamPermissions [none]
[debug] [2026-07-10T03:15:16.520Z] >>> [apiv2][(partial)header] POST https://cloudresourcemanager.googleapis.com/v1/projects/helpdesk-mis:testIamPermissions x-goog-quota-user=projects/helpdesk-mis
[debug] [2026-07-10T03:15:16.520Z] >>> [apiv2][body] POST https://cloudresourcemanager.googleapis.com/v1/projects/helpdesk-mis:testIamPermissions {"permissions":["firebase.projects.get","firebasehosting.sites.update"]}
[debug] [2026-07-10T03:15:17.160Z] <<< [apiv2][status] POST https://cloudresourcemanager.googleapis.com/v1/projects/helpdesk-mis:testIamPermissions 200
[debug] [2026-07-10T03:15:17.161Z] <<< [apiv2][body] POST https://cloudresourcemanager.googleapis.com/v1/projects/helpdesk-mis:testIamPermissions {"permissions":["firebase.projects.get","firebasehosting.sites.update"]}
[debug] [2026-07-10T03:15:17.163Z] Checked if tokens are valid: true, expires at: 1783655702817
[debug] [2026-07-10T03:15:17.163Z] Checked if tokens are valid: true, expires at: 1783655702817
[debug] [2026-07-10T03:15:17.165Z] >>> [apiv2][query] GET https://firebase.googleapis.com/v1beta1/projects/helpdesk-mis [none]
[debug] [2026-07-10T03:15:17.559Z] <<< [apiv2][status] GET https://firebase.googleapis.com/v1beta1/projects/helpdesk-mis 200
[debug] [2026-07-10T03:15:17.560Z] <<< [apiv2][body] GET https://firebase.googleapis.com/v1beta1/projects/helpdesk-mis {"projectId":"helpdesk-mis","projectNumber":"622684649448","displayName":"HelpdeskMIS","name":"projects/helpdesk-mis","resources":{"hostingSite":"helpdesk-mis"},"state":"ACTIVE","labels":{"firebase":"enabled"},"etag":"1_d1dffbb8-64c5-47c2-806f-b17657f944c8"}
[debug] [2026-07-10T03:15:26.561Z] Checked if tokens are valid: true, expires at: 1783655702817
[debug] [2026-07-10T03:15:26.561Z] Checked if tokens are valid: true, expires at: 1783655702817
[debug] [2026-07-10T03:15:26.562Z] >>> [apiv2][query] GET https://firebasehosting.googleapis.com/v1beta1/projects/helpdesk-mis/sites pageToken=&pageSize=10
[debug] [2026-07-10T03:15:27.493Z] <<< [apiv2][status] GET https://firebasehosting.googleapis.com/v1beta1/projects/helpdesk-mis/sites 200
[debug] [2026-07-10T03:15:27.493Z] <<< [apiv2][body] GET https://firebasehosting.googleapis.com/v1beta1/projects/helpdesk-mis/sites {"sites":[{"name":"projects/helpdesk-mis/sites/helpdesk-mis","defaultUrl":"https://helpdesk-mis.web.app","appId":"1:622684649448:web:2b0e9490daa7def3b6165d","type":"DEFAULT_SITE"}]}
[debug] [2026-07-10T03:15:27.494Z] Checked if tokens are valid: true, expires at: 1783655702817
[debug] [2026-07-10T03:15:27.495Z] Checked if tokens are valid: true, expires at: 1783655702817
[debug] [2026-07-10T03:15:27.495Z] >>> [apiv2][query] GET https://firebase.googleapis.com/v1beta1/projects/-/webApps/1:622684649448:web:2b0e9490daa7def3b6165d/config [none]
[debug] [2026-07-10T03:15:29.697Z] <<< [apiv2][status] GET https://firebase.googleapis.com/v1beta1/projects/-/webApps/1:622684649448:web:2b0e9490daa7def3b6165d/config 200
[debug] [2026-07-10T03:15:29.697Z] <<< [apiv2][body] GET https://firebase.googleapis.com/v1beta1/projects/-/webApps/1:622684649448:web:2b0e9490daa7def3b6165d/config {"projectId":"helpdesk-mis","appId":"1:622684649448:web:2b0e9490daa7def3b6165d","storageBucket":"helpdesk-mis.firebasestorage.app","apiKey":"AIzaSyCIfiMrduJ4tOCbpqhQNPHYOv1gQLBMawU","authDomain":"helpdesk-mis.firebaseapp.com","messagingSenderId":"622684649448","measurementId":"G-Y37RLLZLPT","projectNumber":"622684649448","version":"2"}
[info] 
   Thank you for trying our early preview of Next.js support on Firebase Hosting.
   During the preview, support is best-effort and breaking changes can be expected. Proceed with caution.
   The integration is known to work with Next.js version 12 - 15.0. You may encounter errors.

   Documentation: https://firebase.google.com/docs/hosting/frameworks/nextjs
   File a bug: https://github.com/firebase/firebase-tools/issues/new?template=bug_report.md
   Submit a feature request: https://github.com/firebase/firebase-tools/issues/new?template=feature_request.md

   We'd love to learn from you. Express your interest in helping us shape the future of Firebase Hosting: https://goo.gle/41enW5X

[debug] [2026-07-10T03:15:43.889Z] Checked if tokens are valid: true, expires at: 1783655702817
[debug] [2026-07-10T03:15:43.893Z] Checked if tokens are valid: true, expires at: 1783655702817
[debug] [2026-07-10T03:15:43.893Z] >>> [apiv2][query] GET https://firebasehosting.googleapis.com/v1beta1/projects/helpdesk-mis/sites/helpdesk-mis [none]
[debug] [2026-07-10T03:15:44.813Z] <<< [apiv2][status] GET https://firebasehosting.googleapis.com/v1beta1/projects/helpdesk-mis/sites/helpdesk-mis 200
[debug] [2026-07-10T03:15:44.813Z] <<< [apiv2][body] GET https://firebasehosting.googleapis.com/v1beta1/projects/helpdesk-mis/sites/helpdesk-mis {"name":"projects/helpdesk-mis/sites/helpdesk-mis","defaultUrl":"https://helpdesk-mis.web.app","appId":"1:622684649448:web:2b0e9490daa7def3b6165d","type":"DEFAULT_SITE"}
[info] ⚠ Warning: Next.js inferred your workspace root, but it may not be correct.
 We detected multiple lockfiles and selected the directory of C:\Helpdesk_IT\package-lock.json as the root directory.
 To silence this warning, set `turbopack.root` in your Next.js config, or consider removing one of the lockfiles if it's not needed.
   See https://nextjs.org/docs/app/api-reference/config/next-config-js/turbopack#root-directory for more information.
 Detected additional lockfiles: 
   * C:\Helpdesk_IT\HelpdeskMIS\package-lock.json


[info] ▲ Next.js 16.2.6 (Turbopack)

[info] - Environments: .env


[info] ⚠ The "middleware" file convention is deprecated. Please use "proxy" instead. Learn more: https://nextjs.org/docs/messages/middleware-to-proxy

[info]   Creating an optimized production build ...

[info] 

[info] [1.27ms] [@tailwindcss/postcss] app\hand-loader.css
[1.17ms]   ↳ Quick bail check


[info] 

[info] [979.04ms] [@tailwindcss/postcss] app\globals.css
[  0.03ms]   ↳ Quick bail check
[423.13ms]   ↳ Setup compiler
[  1.13ms]     ↳ PostCSS AST -> Tailwind CSS AST
[421.93ms]     ↳ Create compiler
[  3.01ms]   ↳ Register full rebuild paths
[  8.42ms]   ↳ Setup scanner
[148.26ms]   ↳ Scan for candidates
[ 64.73ms]   ↳ Register dependency messages

[info] [183.55ms]   ↳ Build utilities
[120.62ms]   ↳ Optimization
[  3.15ms]     ↳ AST -> CSS
[ 66.51ms]     ↳ Lightning CSS
[ 50.89ms]     ↳ CSS -> PostCSS AST
[ 25.44ms]   ↳ Update PostCSS AST


[info] ✓ Compiled successfully in 22.9s

[info]   Running TypeScript ...

[info]   Finished TypeScript in 19.2s ...

[info]   Collecting page data using 15 workers ...

[info]   Generating static pages using 15 workers (0/30) ...

[info]   Generating static pages using 15 workers (7/30) 

[info]   Generating static pages using 15 workers (14/30) 

[info]   Generating static pages using 15 workers (22/30) 

[info] ✓ Generating static pages using 15 workers (30/30) in 2.2s

[info]   Finalizing page optimization ...

[info] 

[info] Route (app)
┌ ○ /
├ ○ /_not-found
├ ƒ /api/auth/[...nextauth]
├ ƒ /api/chat
├ ƒ /api/faq
├ ƒ /api/faq/[id]
├ ƒ /api/master/categories
├ ƒ /api/master/categories/[id]
├ ƒ /api/master/reference
├ ƒ /api/master/roles
├ ƒ /api/master/roles/[id]
├ ƒ /api/master/sla
├ ƒ /api/master/sla/[id]
├ ƒ /api/master/sub-units
├ ƒ /api/master/sub-units/[id]
├ ƒ /api/master/units
├ ƒ /api/master/units/[id]
├ ƒ /api/master/users
├ ƒ /api/tickets
├ ƒ /api/tickets/[id]
├ ƒ /api/tickets/[id]/comments
├ ƒ /api/tickets/active-count
├ ƒ /api/user/profile
├ ƒ /dashboard
├ ○ /dashboard/chat
├ ○ /dashboard/faq
├ ○ /dashboard/master
├ ○ /dashboard/master/categories
├ ○ /dashboard/master/roles
├ ○ /dashboard/master/sla
├ ○ /dashboard/master/sub-units
├ ○ /dashboard/master/units
├ ○ /dashboard/master/users
├ ○ /dashboard/settings
├ ○ /dashboard/tickets
├ ƒ /dashboard/tickets/[id]
├ ○ /login
└ ○ /user-portal


ƒ Proxy (Middleware)

[info] 
○  (Static)   prerendered as static content
ƒ  (Dynamic)  server-rendered on demand


[info] Building a Cloud Function to run this application. This is needed due to:
[info]  • middleware
[info]  • non-static component /api/auth/[...nextauth]/route
[info]  • non-static component /api/chat/route
[info]  • non-static component /api/faq/[id]/route
[info]  • non-static component /api/faq/route
[debug] [2026-07-10T03:16:52.783Z]  • non-static component /api/master/categories/[id]/route
[debug] [2026-07-10T03:16:52.783Z]  • non-static component /api/master/categories/route
[debug] [2026-07-10T03:16:52.784Z]  • non-static component /api/master/reference/route
[debug] [2026-07-10T03:16:52.784Z]  • non-static component /api/master/roles/[id]/route
[debug] [2026-07-10T03:16:52.784Z]  • non-static component /api/master/roles/route
[debug] [2026-07-10T03:16:52.784Z]  • non-static component /api/master/sla/[id]/route
[debug] [2026-07-10T03:16:52.784Z]  • non-static component /api/master/sla/route
[debug] [2026-07-10T03:16:52.785Z]  • non-static component /api/master/sub-units/[id]/route
[debug] [2026-07-10T03:16:52.785Z]  • non-static component /api/master/sub-units/route
[debug] [2026-07-10T03:16:52.785Z]  • non-static component /api/master/units/[id]/route
[debug] [2026-07-10T03:16:52.786Z]  • non-static component /api/master/units/route
[debug] [2026-07-10T03:16:52.786Z]  • non-static component /api/master/users/route
[debug] [2026-07-10T03:16:52.787Z]  • non-static component /api/tickets/[id]/comments/route
[debug] [2026-07-10T03:16:52.787Z]  • non-static component /api/tickets/[id]/route
[debug] [2026-07-10T03:16:52.787Z]  • non-static component /api/tickets/active-count/route
[debug] [2026-07-10T03:16:52.788Z]  • non-static component /api/tickets/route
[debug] [2026-07-10T03:16:52.788Z]  • non-static component /api/user/profile/route
[debug] [2026-07-10T03:16:52.788Z]  • non-static component /dashboard/page
[debug] [2026-07-10T03:16:52.788Z]  • non-static component /dashboard/tickets/[id]/page
[info] 
[debug] [2026-07-10T03:16:53.350Z] skipping / due to it matching an unsupported rewrite/redirect/header or middlware
[debug] [2026-07-10T03:16:53.351Z] skipping /_global-error due to it matching an unsupported rewrite/redirect/header or middlware
[debug] [2026-07-10T03:16:53.351Z] skipping /_not-found due to it matching an unsupported rewrite/redirect/header or middlware
[debug] [2026-07-10T03:16:53.351Z] skipping /dashboard/chat due to it matching an unsupported rewrite/redirect/header or middlware
[debug] [2026-07-10T03:16:53.351Z] skipping /dashboard/faq due to it matching an unsupported rewrite/redirect/header or middlware
[debug] [2026-07-10T03:16:53.352Z] skipping /dashboard/master due to it matching an unsupported rewrite/redirect/header or middlware
[debug] [2026-07-10T03:16:53.352Z] skipping /dashboard/master/categories due to it matching an unsupported rewrite/redirect/header or middlware
[debug] [2026-07-10T03:16:53.352Z] skipping /dashboard/master/roles due to it matching an unsupported rewrite/redirect/header or middlware
[debug] [2026-07-10T03:16:53.352Z] skipping /dashboard/master/sla due to it matching an unsupported rewrite/redirect/header or middlware
[debug] [2026-07-10T03:16:53.353Z] skipping /dashboard/master/sub-units due to it matching an unsupported rewrite/redirect/header or middlware
[debug] [2026-07-10T03:16:53.353Z] skipping /dashboard/master/units due to it matching an unsupported rewrite/redirect/header or middlware
[debug] [2026-07-10T03:16:53.353Z] skipping /dashboard/master/users due to it matching an unsupported rewrite/redirect/header or middlware
[debug] [2026-07-10T03:16:53.353Z] skipping /dashboard/settings due to it matching an unsupported rewrite/redirect/header or middlware
[debug] [2026-07-10T03:16:53.353Z] skipping /dashboard/tickets due to it matching an unsupported rewrite/redirect/header or middlware
[debug] [2026-07-10T03:16:53.357Z] skipping /login due to it matching an unsupported rewrite/redirect/header or middlware
[debug] [2026-07-10T03:16:53.357Z] skipping /user-portal due to it matching an unsupported rewrite/redirect/header or middlware
[debug] [2026-07-10T03:16:53.357Z] skipping /404 due to it matching an unsupported rewrite/redirect/header or middlware
[debug] [2026-07-10T03:16:53.357Z] skipping /500 due to it matching an unsupported rewrite/redirect/header or middlware
